[Info  - 02:21:09.945] Started security hotspot handler on port 64123
[Info  - 02:21:10.016] Analyzing file 'file:///home/abdoulaye/symfony_projects/transfermobile/src/Entity/User.php'...
[Info  - 02:21:12.859] Found 1 issue(s)
[Info  - 02:21:38.028] Analyzing file 'file:///home/abdoulaye/symfony_projects/transfermobile/src/Security/UtilisateurAuthenticator.php'...
[Info  - 02:21:38.121] Found 8 issue(s)
[Info  - 02:21:57.626] Analyzing file 'file:///home/abdoulaye/symfony_projects/transfermobile/src/Entity/Profile.php'...
[Info  - 02:21:57.758] Found 1 issue(s)
[Info  - 02:57:07.206] Analyzing file 'file:///home/abdoulaye/symfony_projects/transfermobile/src/Entity/User.php'...
[Info  - 02:57:07.378] Found 1 issue(s)
[Info  - 02:57:14.929] Analyzing file 'file:///home/abdoulaye/symfony_projects/transfermobile/src/Entity/User.php'...
[Info  - 02:57:15.036] Found 1 issue(s)
[Info  - 02:57:15.036] Analyzing file 'file:///home/abdoulaye/symfony_projects/transfermobile/src/Entity/User.php'...
[Info  - 02:57:15.133] Found 1 issue(s)
[Info  - 03:00:27.507] Analyzing file 'file:///home/abdoulaye/symfony_projects/transfermobile/src/Entity/User.php'...
[Info  - 03:00:27.604] Found 1 issue(s)
[Info  - 03:00:28.309] Analyzing file 'file:///home/abdoulaye/symfony_projects/transfermobile/src/Entity/User.php'...
[Info  - 03:00:28.444] Found 1 issue(s)
[Info  - 03:00:28.543] Analyzing file 'file:///home/abdoulaye/symfony_projects/transfermobile/src/Entity/User.php'...
[Info  - 03:00:28.661] Found 1 issue(s)
[Info  - 03:04:55.303] Analyzing file 'file:///home/abdoulaye/symfony_projects/transfermobile/vendor/symfony/security-bundle/Resources/config/security_authenticator.php'...
[Info  - 03:04:55.445] Found 0 issue(s)
[Info  - 03:10:44.680] Analyzing file 'file:///home/abdoulaye/symfony_projects/transfermobile/vendor/symfony/dependency-injection/Loader/Configurator/Traits/TagTrait.php'...
[Info  - 03:13:15.323] Analyzing file 'file:///home/abdoulaye/symfony_projects/transfermobile/vendor/symfony/security-guard/Authenticator/AbstractFormLoginAuthenticator.php'...
[Info  - 03:13:17.619] Found 0 issue(s)
