[Info  - 01:27:01.734] Started security hotspot handler on port 64123
[Info  - 01:27:01.793] Analyzing file 'file:///home/abdoulaye/symfony_projects/transfermobile/src/Entity/Utilisateur.php'...
[Info  - 01:27:05.164] Found 0 issue(s)
[Info  - 01:27:15.882] Analyzing file 'file:///home/abdoulaye/symfony_projects/transfermobile/src/Repository/UtilisateurRepository.php'...
[Info  - 01:27:16.032] Found 3 issue(s)
[Info  - 01:27:55.117] Analyzing file 'file:///home/abdoulaye/symfony_projects/transfermobile/src/Entity/Auth.php'...
[Info  - 01:27:55.197] Found 0 issue(s)
[Info  - 01:28:49.607] Analyzing file 'file:///home/abdoulaye/symfony_projects/transfermobile/src/Repository/AuthRepository.php'...
[Info  - 01:28:49.708] Found 3 issue(s)
[Info  - 01:32:19.163] Analyzing file 'file:///home/abdoulaye/symfony_projects/transfermobile/src/Entity/Utilisateur.php'...
[Info  - 01:32:19.248] Found 0 issue(s)
[Info  - 01:32:51.815] Analyzing file 'file:///home/abdoulaye/symfony_projects/transfermobile/src/Repository/UtilisateurRepository.php'...
[Info  - 01:32:51.902] Found 3 issue(s)
[Info  - 01:32:59.615] Analyzing file 'file:///home/abdoulaye/symfony_projects/transfermobile/src/Repository/UtilisateurRepository.php'...
[Info  - 01:32:59.695] Found 3 issue(s)
[Info  - 01:55:53.426] Analyzing file 'file:///home/abdoulaye/symfony_projects/transfermobile/src/Entity/Utilisateur.php'...
[Info  - 01:55:53.635] Found 0 issue(s)
[Info  - 01:57:17.925] Analyzing file 'file:///home/abdoulaye/symfony_projects/transfermobile/src/Repository/UtilisateurRepository.php'...
[Info  - 01:57:18.023] Found 3 issue(s)
[Info  - 01:57:51.803] Analyzing file 'file:///home/abdoulaye/symfony_projects/transfermobile/src/Entity/Profile.php'...
[Info  - 01:57:52.023] Found 1 issue(s)
[Info  - 01:58:20.777] Analyzing file 'file:///home/abdoulaye/symfony_projects/transfermobile/src/Entity/Profile.php'...
[Info  - 01:58:20.867] Found 0 issue(s)
[Info  - 01:58:20.871] Analyzing file 'file:///home/abdoulaye/symfony_projects/transfermobile/src/Entity/Profile.php'...
[Info  - 01:58:20.930] Found 0 issue(s)
[Info  - 01:58:38.191] Analyzing file 'file:///home/abdoulaye/symfony_projects/transfermobile/src/Entity/Profile.php'...
[Info  - 01:58:38.272] Found 0 issue(s)
[Info  - 01:58:38.486] Analyzing file 'file:///home/abdoulaye/symfony_projects/transfermobile/src/Entity/Profile.php'...
[Info  - 01:58:38.563] Found 0 issue(s)
[Info  - 02:01:36.595] Analyzing file 'file:///home/abdoulaye/symfony_projects/transfermobile/src/Entity/Profile.php'...
[Info  - 02:01:36.695] Found 1 issue(s)
[Info  - 02:03:30.903] Analyzing file 'file:///home/abdoulaye/symfony_projects/transfermobile/src/Entity/User.php'...
[Info  - 02:03:31.108] Found 1 issue(s)
