[Info  - 01:27:01] Initialising intelephense 1.6.3
[Info  - 01:27:01] Initialised in 11 ms
[Info  - 01:27:02] Indexing started.
[Info  - 01:27:09] Indexing ended. 4835 files indexed in 7s.
[Info  - 01:27:09] Writing state to /home/abdoulaye/symfony_projects/transfermobile/~/.vscode-root
sudo code --user-data-dir=~/.vscode-root/User/workspaceStorage/c3745b8dc89bb13d9f1bad593c90265d/bmewburn.vscode-intelephense-client/7ea91c75.
[Info  - 01:27:10] Wrote state in 0.6s.
[Info  - 01:27:11] Indexing started.
[Info  - 01:27:11] Indexing ended. 1 files indexed in 0s.
[Info  - 01:27:24] Indexing started.
[Info  - 01:27:25] Indexing ended. 1 files indexed in 0s.
[Info  - 01:27:35] Indexing started.
[Info  - 01:27:35] Indexing ended. 193 files indexed in 0s.
[Info  - 01:28:32] Indexing started.
[Info  - 01:28:33] Indexing ended. 1 files indexed in 0s.
[Info  - 01:28:56] Indexing started.
[Info  - 01:28:56] Indexing ended. 1 files indexed in 0s.
[Info  - 01:29:22] Indexing started.
[Info  - 01:29:23] Indexing ended. 191 files indexed in 0s.
[Info  - 01:32:09] Indexing started.
[Info  - 01:32:09] Indexing ended. 2 files indexed in 0s.
[Info  - 01:32:25] Indexing started.
[Info  - 01:32:25] Indexing ended. 1 files indexed in 0s.
[Info  - 01:33:03] Indexing started.
[Info  - 01:33:03] Indexing ended. 1 files indexed in 0s.
[Info  - 01:33:09] Indexing started.
[Info  - 01:33:09] Indexing ended. 191 files indexed in 0s.
[Info  - 01:33:29] Indexing started.
[Info  - 01:33:30] Indexing ended. 1 files indexed in 0s.
[Info  - 01:33:37] Indexing started.
[Info  - 01:33:37] Indexing ended. 324 files indexed in 0s.
[Info  - 01:34:03] Indexing started.
[Info  - 01:34:03] Indexing ended. 2 files indexed in 0s.
[Info  - 01:34:26] Indexing started.
[Info  - 01:34:26] Indexing ended. 1 files indexed in 0s.
[Info  - 01:34:36] Indexing started.
[Info  - 01:34:36] Indexing ended. 1 files indexed in 0s.
[Info  - 01:50:01] Indexing started.
[Info  - 01:50:02] Indexing ended. 1 files indexed in 0s.
[Info  - 01:50:19] Indexing started.
[Info  - 01:50:19] Indexing ended. 1 files indexed in 0s.
[Info  - 01:50:53] Indexing started.
[Info  - 01:50:53] Indexing ended. 1 files indexed in 0s.
[Info  - 01:51:16] Indexing started.
[Info  - 01:51:17] Indexing ended. 1 files indexed in 0s.
[Info  - 01:51:39] Indexing started.
[Info  - 01:51:40] Indexing ended. 383 files indexed in 0s.
[Info  - 01:51:52] Indexing started.
[Info  - 01:51:52] Indexing ended. 2 files indexed in 0s.
[Info  - 01:52:03] Indexing started.
[Info  - 01:52:03] Indexing ended. 1 files indexed in 0s.
[Info  - 01:52:13] Indexing started.
[Info  - 01:52:14] Indexing ended. 386 files indexed in 0s.
[Info  - 01:53:12] Indexing started.
[Info  - 01:53:13] Indexing ended. 2 files indexed in 0s.
[Info  - 01:53:41] Indexing started.
[Info  - 01:53:41] Indexing ended. 195 files indexed in 0s.
[Info  - 01:53:45] Indexing started.
[Info  - 01:53:46] Indexing ended. 1 files indexed in 0s.
[Info  - 01:57:12] Indexing started.
[Info  - 01:57:12] Indexing ended. 1 files indexed in 0s.
[Info  - 01:57:26] Indexing started.
[Info  - 01:57:26] Indexing ended. 1 files indexed in 0s.
[Info  - 01:57:40] Indexing started.
[Info  - 01:57:41] Indexing ended. 386 files indexed in 0s.
[Info  - 01:58:25] Indexing started.
[Info  - 01:58:25] Indexing ended. 194 files indexed in 0s.
[Info  - 01:58:41] Indexing started.
[Info  - 01:58:41] Indexing ended. 194 files indexed in 0s.
[Info  - 01:59:59] Indexing started.
[Info  - 01:59:59] Indexing ended. 2 files indexed in 0s.
[Info  - 02:00:16] Indexing started.
[Info  - 02:00:17] Indexing ended. 390 files indexed in 0s.
[Info  - 02:00:24] Indexing started.
[Info  - 02:00:25] Indexing ended. 1 files indexed in 0s.
[Info  - 02:00:32] Indexing started.
[Info  - 02:00:32] Indexing ended. 1 files indexed in 0s.
[Info  - 02:00:58] Indexing started.
[Info  - 02:00:58] Indexing ended. 1 files indexed in 0s.
[Info  - 02:01:36] Indexing started.
[Info  - 02:01:36] Indexing ended. 1 files indexed in 0s.
[Info  - 02:01:52] Indexing started.
[Info  - 02:01:52] Indexing ended. 1 files indexed in 0s.
[Info  - 02:01:57] Indexing started.
[Info  - 02:01:57] Indexing ended. 197 files indexed in 0s.
[Info  - 02:02:40] Indexing started.
[Info  - 02:02:40] Indexing ended. 1 files indexed in 0s.
[Info  - 02:15:08] Indexing started.
[Info  - 02:15:18] Indexing ended. 17 files indexed in 9s.
[Info  - 02:18:12] Indexing started.
[Info  - 02:19:10] Indexing ended. 152 files indexed in 57s.
[Info  - 02:19:14] Indexing started.
[Info  - 02:19:15] Indexing ended. 209 files indexed in 1s.
